{"C:\\rupak\\2021\\mini\\src\\mini\\mini.js": {"path":"C:\\rupak\\2021\\mini\\src\\mini\\mini.js","statementMap":{"0":{"start":{"line":1,"column":13},"end":{"line":1,"column":39}},"1":{"start":{"line":2,"column":14},"end":{"line":2,"column":35}},"2":{"start":{"line":3,"column":19},"end":{"line":3,"column":40}},"3":{"start":{"line":4,"column":9},"end":{"line":4,"column":22}},"4":{"start":{"line":5,"column":13},"end":{"line":5,"column":28}},"5":{"start":{"line":10,"column":8},"end":{"line":10,"column":32}},"6":{"start":{"line":11,"column":8},"end":{"line":11,"column":50}},"7":{"start":{"line":12,"column":8},"end":{"line":12,"column":43}},"8":{"start":{"line":13,"column":8},"end":{"line":13,"column":97}},"9":{"start":{"line":14,"column":18},"end":{"line":14,"column":42}},"10":{"start":{"line":15,"column":8},"end":{"line":20,"column":43}},"11":{"start":{"line":16,"column":12},"end":{"line":16,"column":36}},"12":{"start":{"line":17,"column":13},"end":{"line":20,"column":43}},"13":{"start":{"line":18,"column":12},"end":{"line":18,"column":36}},"14":{"start":{"line":20,"column":12},"end":{"line":20,"column":43}},"15":{"start":{"line":21,"column":8},"end":{"line":21,"column":69}},"16":{"start":{"line":22,"column":8},"end":{"line":22,"column":27}},"17":{"start":{"line":26,"column":8},"end":{"line":26,"column":31}},"18":{"start":{"line":30,"column":8},"end":{"line":30,"column":29}},"19":{"start":{"line":34,"column":8},"end":{"line":41,"column":9}},"20":{"start":{"line":35,"column":12},"end":{"line":38,"column":13}},"21":{"start":{"line":36,"column":16},"end":{"line":36,"column":42}},"22":{"start":{"line":37,"column":16},"end":{"line":37,"column":80}},"23":{"start":{"line":40,"column":12},"end":{"line":40,"column":20}},"24":{"start":{"line":45,"column":23},"end":{"line":45,"column":25}},"25":{"start":{"line":46,"column":19},"end":{"line":46,"column":39}},"26":{"start":{"line":47,"column":8},"end":{"line":64,"column":10}},"27":{"start":{"line":48,"column":26},"end":{"line":51,"column":14}},"28":{"start":{"line":52,"column":12},"end":{"line":63,"column":15}},"29":{"start":{"line":53,"column":28},"end":{"line":53,"column":39}},"30":{"start":{"line":54,"column":16},"end":{"line":54,"column":61}},"31":{"start":{"line":55,"column":16},"end":{"line":57,"column":19}},"32":{"start":{"line":56,"column":20},"end":{"line":56,"column":40}},"33":{"start":{"line":58,"column":16},"end":{"line":58,"column":65}},"34":{"start":{"line":59,"column":16},"end":{"line":59,"column":68}},"35":{"start":{"line":60,"column":16},"end":{"line":60,"column":34}},"36":{"start":{"line":62,"column":16},"end":{"line":62,"column":37}},"37":{"start":{"line":68,"column":8},"end":{"line":82,"column":11}},"38":{"start":{"line":69,"column":27},"end":{"line":69,"column":44}},"39":{"start":{"line":70,"column":12},"end":{"line":75,"column":13}},"40":{"start":{"line":71,"column":16},"end":{"line":71,"column":40}},"41":{"start":{"line":73,"column":26},"end":{"line":73,"column":41}},"42":{"start":{"line":74,"column":16},"end":{"line":74,"column":48}},"43":{"start":{"line":76,"column":12},"end":{"line":76,"column":31}},"44":{"start":{"line":77,"column":12},"end":{"line":77,"column":55}},"45":{"start":{"line":78,"column":12},"end":{"line":80,"column":15}},"46":{"start":{"line":78,"column":36},"end":{"line":78,"column":46}},"47":{"start":{"line":79,"column":16},"end":{"line":79,"column":49}},"48":{"start":{"line":81,"column":12},"end":{"line":81,"column":30}},"49":{"start":{"line":85,"column":15},"end":{"line":88,"column":5}},"50":{"start":{"line":90,"column":20},"end":{"line":104,"column":5}},"51":{"start":{"line":91,"column":8},"end":{"line":91,"column":40}},"52":{"start":{"line":92,"column":8},"end":{"line":92,"column":50}},"53":{"start":{"line":93,"column":8},"end":{"line":93,"column":77}},"54":{"start":{"line":94,"column":8},"end":{"line":94,"column":50}},"55":{"start":{"line":95,"column":8},"end":{"line":103,"column":9}},"56":{"start":{"line":95,"column":21},"end":{"line":95,"column":22}},"57":{"start":{"line":96,"column":23},"end":{"line":96,"column":39}},"58":{"start":{"line":97,"column":12},"end":{"line":99,"column":21}},"59":{"start":{"line":98,"column":16},"end":{"line":98,"column":53}},"60":{"start":{"line":109,"column":8},"end":{"line":117,"column":15}},"61":{"start":{"line":110,"column":25},"end":{"line":110,"column":35}},"62":{"start":{"line":112,"column":16},"end":{"line":112,"column":58}},"63":{"start":{"line":113,"column":16},"end":{"line":116,"column":19}},"64":{"start":{"line":114,"column":20},"end":{"line":114,"column":39}},"65":{"start":{"line":114,"column":29},"end":{"line":114,"column":39}},"66":{"start":{"line":115,"column":20},"end":{"line":115,"column":56}},"67":{"start":{"line":121,"column":8},"end":{"line":121,"column":64}},"68":{"start":{"line":122,"column":8},"end":{"line":122,"column":32}},"69":{"start":{"line":124,"column":8},"end":{"line":124,"column":29}},"70":{"start":{"line":152,"column":0},"end":{"line":152,"column":22}}},"fnMap":{"0":{"name":"(anonymous_0)","decl":{"start":{"line":9,"column":4},"end":{"line":9,"column":5}},"loc":{"start":{"line":9,"column":26},"end":{"line":23,"column":5}},"line":9},"1":{"name":"(anonymous_1)","decl":{"start":{"line":25,"column":4},"end":{"line":25,"column":5}},"loc":{"start":{"line":25,"column":17},"end":{"line":27,"column":5}},"line":25},"2":{"name":"(anonymous_2)","decl":{"start":{"line":29,"column":4},"end":{"line":29,"column":5}},"loc":{"start":{"line":29,"column":15},"end":{"line":31,"column":5}},"line":29},"3":{"name":"(anonymous_3)","decl":{"start":{"line":33,"column":4},"end":{"line":33,"column":5}},"loc":{"start":{"line":33,"column":23},"end":{"line":42,"column":5}},"line":33},"4":{"name":"(anonymous_4)","decl":{"start":{"line":44,"column":4},"end":{"line":44,"column":5}},"loc":{"start":{"line":44,"column":19},"end":{"line":65,"column":5}},"line":44},"5":{"name":"(anonymous_5)","decl":{"start":{"line":47,"column":27},"end":{"line":47,"column":28}},"loc":{"start":{"line":47,"column":48},"end":{"line":64,"column":9}},"line":47},"6":{"name":"(anonymous_6)","decl":{"start":{"line":52,"column":33},"end":{"line":52,"column":34}},"loc":{"start":{"line":52,"column":50},"end":{"line":61,"column":13}},"line":52},"7":{"name":"(anonymous_7)","decl":{"start":{"line":55,"column":30},"end":{"line":55,"column":31}},"loc":{"start":{"line":55,"column":38},"end":{"line":57,"column":17}},"line":55},"8":{"name":"(anonymous_8)","decl":{"start":{"line":61,"column":21},"end":{"line":61,"column":22}},"loc":{"start":{"line":61,"column":38},"end":{"line":63,"column":13}},"line":61},"9":{"name":"(anonymous_9)","decl":{"start":{"line":67,"column":4},"end":{"line":67,"column":5}},"loc":{"start":{"line":67,"column":20},"end":{"line":83,"column":5}},"line":67},"10":{"name":"(anonymous_10)","decl":{"start":{"line":68,"column":27},"end":{"line":68,"column":28}},"loc":{"start":{"line":68,"column":48},"end":{"line":82,"column":9}},"line":68},"11":{"name":"(anonymous_11)","decl":{"start":{"line":78,"column":29},"end":{"line":78,"column":30}},"loc":{"start":{"line":78,"column":36},"end":{"line":78,"column":46}},"line":78},"12":{"name":"(anonymous_12)","decl":{"start":{"line":78,"column":53},"end":{"line":78,"column":54}},"loc":{"start":{"line":78,"column":61},"end":{"line":80,"column":13}},"line":78},"13":{"name":"(anonymous_13)","decl":{"start":{"line":85,"column":15},"end":{"line":85,"column":16}},"loc":{"start":{"line":85,"column":31},"end":{"line":88,"column":5}},"line":85},"14":{"name":"(anonymous_14)","decl":{"start":{"line":90,"column":20},"end":{"line":90,"column":21}},"loc":{"start":{"line":90,"column":32},"end":{"line":104,"column":5}},"line":90},"15":{"name":"(anonymous_15)","decl":{"start":{"line":97,"column":23},"end":{"line":97,"column":24}},"loc":{"start":{"line":97,"column":35},"end":{"line":99,"column":13}},"line":97},"16":{"name":"(anonymous_16)","decl":{"start":{"line":108,"column":4},"end":{"line":108,"column":5}},"loc":{"start":{"line":108,"column":15},"end":{"line":118,"column":5}},"line":108},"17":{"name":"(anonymous_17)","decl":{"start":{"line":110,"column":18},"end":{"line":110,"column":19}},"loc":{"start":{"line":110,"column":25},"end":{"line":110,"column":35}},"line":110},"18":{"name":"(anonymous_18)","decl":{"start":{"line":111,"column":18},"end":{"line":111,"column":19}},"loc":{"start":{"line":111,"column":26},"end":{"line":117,"column":13}},"line":111},"19":{"name":"(anonymous_19)","decl":{"start":{"line":113,"column":70},"end":{"line":113,"column":71}},"loc":{"start":{"line":113,"column":79},"end":{"line":116,"column":17}},"line":113},"20":{"name":"(anonymous_20)","decl":{"start":{"line":120,"column":4},"end":{"line":120,"column":5}},"loc":{"start":{"line":120,"column":11},"end":{"line":149,"column":5}},"line":120}},"branchMap":{"0":{"loc":{"start":{"line":15,"column":8},"end":{"line":20,"column":43}},"type":"if","locations":[{"start":{"line":15,"column":8},"end":{"line":20,"column":43}},{"start":{"line":15,"column":8},"end":{"line":20,"column":43}}],"line":15},"1":{"loc":{"start":{"line":17,"column":13},"end":{"line":20,"column":43}},"type":"if","locations":[{"start":{"line":17,"column":13},"end":{"line":20,"column":43}},{"start":{"line":17,"column":13},"end":{"line":20,"column":43}}],"line":17},"2":{"loc":{"start":{"line":35,"column":12},"end":{"line":38,"column":13}},"type":"if","locations":[{"start":{"line":35,"column":12},"end":{"line":38,"column":13}},{"start":{"line":35,"column":12},"end":{"line":38,"column":13}}],"line":35},"3":{"loc":{"start":{"line":70,"column":12},"end":{"line":75,"column":13}},"type":"if","locations":[{"start":{"line":70,"column":12},"end":{"line":75,"column":13}},{"start":{"line":70,"column":12},"end":{"line":75,"column":13}}],"line":70},"4":{"loc":{"start":{"line":70,"column":16},"end":{"line":70,"column":72}},"type":"binary-expr","locations":[{"start":{"line":70,"column":16},"end":{"line":70,"column":38}},{"start":{"line":70,"column":43},"end":{"line":70,"column":71}}],"line":70},"5":{"loc":{"start":{"line":114,"column":20},"end":{"line":114,"column":39}},"type":"if","locations":[{"start":{"line":114,"column":20},"end":{"line":114,"column":39}},{"start":{"line":114,"column":20},"end":{"line":114,"column":39}}],"line":114}},"s":{"0":1,"1":1,"2":1,"3":1,"4":1,"5":2,"6":2,"7":2,"8":2,"9":2,"10":2,"11":1,"12":1,"13":1,"14":0,"15":2,"16":2,"17":2,"18":2,"19":0,"20":0,"21":0,"22":0,"23":0,"24":0,"25":0,"26":0,"27":0,"28":0,"29":0,"30":0,"31":0,"32":0,"33":0,"34":0,"35":0,"36":0,"37":0,"38":0,"39":0,"40":0,"41":0,"42":0,"43":0,"44":0,"45":0,"46":0,"47":0,"48":0,"49":2,"50":2,"51":0,"52":0,"53":0,"54":0,"55":0,"56":0,"57":0,"58":0,"59":0,"60":0,"61":0,"62":0,"63":0,"64":0,"65":0,"66":0,"67":0,"68":0,"69":0,"70":1},"f":{"0":2,"1":2,"2":2,"3":0,"4":0,"5":0,"6":0,"7":0,"8":0,"9":0,"10":0,"11":0,"12":0,"13":0,"14":0,"15":0,"16":0,"17":0,"18":0,"19":0,"20":0},"b":{"0":[1,1],"1":[1,0],"2":[0,0],"3":[0,0],"4":[0,0],"5":[0,0]},"_coverageSchema":"1a1c01bbd47fc00a2c39e90264f33305004495a9","hash":"e5b80254e64eb549f4325ed8cc7da33f9b329d96"}
,"C:\\rupak\\2021\\mini\\src\\mini\\logger\\logger.js": {"path":"C:\\rupak\\2021\\mini\\src\\mini\\logger\\logger.js","statementMap":{"0":{"start":{"line":8,"column":14},"end":{"line":8,"column":38}},"1":{"start":{"line":9,"column":14},"end":{"line":9,"column":32}},"2":{"start":{"line":11,"column":18},"end":{"line":17,"column":5}},"3":{"start":{"line":16,"column":12},"end":{"line":16,"column":62}},"4":{"start":{"line":20,"column":14},"end":{"line":27,"column":1}},"5":{"start":{"line":30,"column":13},"end":{"line":36,"column":3}},"6":{"start":{"line":39,"column":0},"end":{"line":44,"column":2}},"7":{"start":{"line":42,"column":4},"end":{"line":42,"column":25}},"8":{"start":{"line":46,"column":0},"end":{"line":46,"column":24}}},"fnMap":{"0":{"name":"(anonymous_0)","decl":{"start":{"line":16,"column":4},"end":{"line":16,"column":5}},"loc":{"start":{"line":16,"column":12},"end":{"line":16,"column":62}},"line":16},"1":{"name":"(anonymous_1)","decl":{"start":{"line":40,"column":9},"end":{"line":40,"column":10}},"loc":{"start":{"line":40,"column":37},"end":{"line":43,"column":3}},"line":40}},"branchMap":{},"s":{"0":1,"1":1,"2":1,"3":0,"4":1,"5":1,"6":1,"7":0,"8":1},"f":{"0":0,"1":0},"b":{},"_coverageSchema":"1a1c01bbd47fc00a2c39e90264f33305004495a9","hash":"be4a975013ba27a9759dfbd5c19e55cb4c48530c"}
}
