{"E:\\2021\\mini\\src\\mini\\mini.js": {"path":"E:\\2021\\mini\\src\\mini\\mini.js","statementMap":{"0":{"start":{"line":1,"column":13},"end":{"line":1,"column":39}},"1":{"start":{"line":2,"column":14},"end":{"line":2,"column":35}},"2":{"start":{"line":3,"column":19},"end":{"line":3,"column":40}},"3":{"start":{"line":4,"column":9},"end":{"line":4,"column":22}},"4":{"start":{"line":5,"column":13},"end":{"line":5,"column":28}},"5":{"start":{"line":6,"column":14},"end":{"line":6,"column":30}},"6":{"start":{"line":7,"column":18},"end":{"line":7,"column":23}},"7":{"start":{"line":8,"column":20},"end":{"line":8,"column":43}},"8":{"start":{"line":9,"column":13},"end":{"line":9,"column":28}},"9":{"start":{"line":10,"column":27},"end":{"line":10,"column":53}},"10":{"start":{"line":15,"column":8},"end":{"line":33,"column":9}},"11":{"start":{"line":16,"column":12},"end":{"line":16,"column":36}},"12":{"start":{"line":17,"column":12},"end":{"line":17,"column":54}},"13":{"start":{"line":18,"column":12},"end":{"line":18,"column":47}},"14":{"start":{"line":19,"column":12},"end":{"line":19,"column":101}},"15":{"start":{"line":20,"column":22},"end":{"line":20,"column":46}},"16":{"start":{"line":21,"column":12},"end":{"line":26,"column":47}},"17":{"start":{"line":22,"column":16},"end":{"line":22,"column":40}},"18":{"start":{"line":23,"column":17},"end":{"line":26,"column":47}},"19":{"start":{"line":24,"column":16},"end":{"line":24,"column":40}},"20":{"start":{"line":26,"column":16},"end":{"line":26,"column":47}},"21":{"start":{"line":27,"column":12},"end":{"line":27,"column":84}},"22":{"start":{"line":28,"column":12},"end":{"line":28,"column":31}},"23":{"start":{"line":29,"column":12},"end":{"line":29,"column":35}},"24":{"start":{"line":30,"column":12},"end":{"line":30,"column":45}},"25":{"start":{"line":31,"column":12},"end":{"line":31,"column":90}},"26":{"start":{"line":32,"column":12},"end":{"line":32,"column":54}},"27":{"start":{"line":34,"column":8},"end":{"line":34,"column":57}},"28":{"start":{"line":35,"column":8},"end":{"line":35,"column":36}},"29":{"start":{"line":39,"column":8},"end":{"line":39,"column":31}},"30":{"start":{"line":43,"column":8},"end":{"line":43,"column":29}},"31":{"start":{"line":47,"column":8},"end":{"line":58,"column":9}},"32":{"start":{"line":48,"column":12},"end":{"line":51,"column":13}},"33":{"start":{"line":49,"column":16},"end":{"line":49,"column":42}},"34":{"start":{"line":50,"column":16},"end":{"line":50,"column":80}},"35":{"start":{"line":52,"column":12},"end":{"line":55,"column":13}},"36":{"start":{"line":53,"column":16},"end":{"line":53,"column":47}},"37":{"start":{"line":54,"column":16},"end":{"line":54,"column":85}},"38":{"start":{"line":57,"column":12},"end":{"line":57,"column":20}},"39":{"start":{"line":62,"column":23},"end":{"line":62,"column":25}},"40":{"start":{"line":63,"column":19},"end":{"line":63,"column":39}},"41":{"start":{"line":64,"column":8},"end":{"line":81,"column":10}},"42":{"start":{"line":65,"column":26},"end":{"line":68,"column":14}},"43":{"start":{"line":69,"column":12},"end":{"line":80,"column":15}},"44":{"start":{"line":70,"column":28},"end":{"line":70,"column":39}},"45":{"start":{"line":71,"column":16},"end":{"line":71,"column":61}},"46":{"start":{"line":72,"column":16},"end":{"line":74,"column":19}},"47":{"start":{"line":73,"column":20},"end":{"line":73,"column":98}},"48":{"start":{"line":75,"column":16},"end":{"line":75,"column":65}},"49":{"start":{"line":76,"column":16},"end":{"line":76,"column":68}},"50":{"start":{"line":77,"column":16},"end":{"line":77,"column":34}},"51":{"start":{"line":79,"column":16},"end":{"line":79,"column":37}},"52":{"start":{"line":85,"column":8},"end":{"line":100,"column":11}},"53":{"start":{"line":86,"column":27},"end":{"line":86,"column":49}},"54":{"start":{"line":87,"column":12},"end":{"line":92,"column":13}},"55":{"start":{"line":88,"column":16},"end":{"line":88,"column":40}},"56":{"start":{"line":90,"column":26},"end":{"line":90,"column":41}},"57":{"start":{"line":91,"column":16},"end":{"line":91,"column":48}},"58":{"start":{"line":93,"column":12},"end":{"line":93,"column":31}},"59":{"start":{"line":94,"column":12},"end":{"line":94,"column":55}},"60":{"start":{"line":95,"column":12},"end":{"line":98,"column":15}},"61":{"start":{"line":95,"column":36},"end":{"line":95,"column":46}},"62":{"start":{"line":96,"column":16},"end":{"line":96,"column":49}},"63":{"start":{"line":97,"column":16},"end":{"line":97,"column":48}},"64":{"start":{"line":99,"column":12},"end":{"line":99,"column":30}},"65":{"start":{"line":103,"column":23},"end":{"line":112,"column":5}},"66":{"start":{"line":104,"column":8},"end":{"line":104,"column":28}},"67":{"start":{"line":105,"column":8},"end":{"line":105,"column":44}},"68":{"start":{"line":106,"column":8},"end":{"line":109,"column":9}},"69":{"start":{"line":107,"column":12},"end":{"line":107,"column":29}},"70":{"start":{"line":108,"column":12},"end":{"line":108,"column":19}},"71":{"start":{"line":110,"column":29},"end":{"line":110,"column":86}},"72":{"start":{"line":111,"column":8},"end":{"line":111,"column":59}},"73":{"start":{"line":114,"column":20},"end":{"line":120,"column":5}},"74":{"start":{"line":115,"column":8},"end":{"line":115,"column":40}},"75":{"start":{"line":116,"column":8},"end":{"line":116,"column":50}},"76":{"start":{"line":117,"column":8},"end":{"line":117,"column":49}},"77":{"start":{"line":118,"column":8},"end":{"line":118,"column":77}},"78":{"start":{"line":119,"column":8},"end":{"line":119,"column":70}},"79":{"start":{"line":123,"column":8},"end":{"line":123,"column":64}},"80":{"start":{"line":124,"column":8},"end":{"line":124,"column":32}},"81":{"start":{"line":125,"column":8},"end":{"line":125,"column":29}},"82":{"start":{"line":129,"column":8},"end":{"line":139,"column":9}},"83":{"start":{"line":130,"column":12},"end":{"line":135,"column":15}},"84":{"start":{"line":131,"column":16},"end":{"line":131,"column":112}},"85":{"start":{"line":132,"column":16},"end":{"line":132,"column":136}},"86":{"start":{"line":133,"column":16},"end":{"line":133,"column":130}},"87":{"start":{"line":134,"column":16},"end":{"line":134,"column":86}},"88":{"start":{"line":137,"column":12},"end":{"line":137,"column":34}},"89":{"start":{"line":138,"column":12},"end":{"line":138,"column":20}},"90":{"start":{"line":143,"column":8},"end":{"line":168,"column":11}},"91":{"start":{"line":144,"column":12},"end":{"line":147,"column":13}},"92":{"start":{"line":145,"column":16},"end":{"line":145,"column":64}},"93":{"start":{"line":146,"column":16},"end":{"line":146,"column":39}},"94":{"start":{"line":148,"column":27},"end":{"line":148,"column":43}},"95":{"start":{"line":149,"column":12},"end":{"line":149,"column":61}},"96":{"start":{"line":150,"column":12},"end":{"line":167,"column":13}},"97":{"start":{"line":151,"column":26},"end":{"line":158,"column":18}},"98":{"start":{"line":152,"column":20},"end":{"line":152,"column":34}},"99":{"start":{"line":153,"column":20},"end":{"line":153,"column":39}},"100":{"start":{"line":155,"column":20},"end":{"line":157,"column":21}},"101":{"start":{"line":155,"column":33},"end":{"line":155,"column":34}},"102":{"start":{"line":156,"column":24},"end":{"line":156,"column":45}},"103":{"start":{"line":159,"column":36},"end":{"line":159,"column":55}},"104":{"start":{"line":160,"column":16},"end":{"line":163,"column":19}},"105":{"start":{"line":161,"column":20},"end":{"line":161,"column":39}},"106":{"start":{"line":161,"column":29},"end":{"line":161,"column":39}},"107":{"start":{"line":162,"column":20},"end":{"line":162,"column":57}},"108":{"start":{"line":165,"column":16},"end":{"line":165,"column":37}},"109":{"start":{"line":166,"column":16},"end":{"line":166,"column":24}},"110":{"start":{"line":172,"column":19},"end":{"line":172,"column":52}},"111":{"start":{"line":173,"column":18},"end":{"line":173,"column":51}},"112":{"start":{"line":174,"column":8},"end":{"line":174,"column":19}},"113":{"start":{"line":178,"column":8},"end":{"line":184,"column":9}},"114":{"start":{"line":179,"column":25},"end":{"line":179,"column":47}},"115":{"start":{"line":180,"column":12},"end":{"line":180,"column":26}},"116":{"start":{"line":182,"column":12},"end":{"line":182,"column":33}},"117":{"start":{"line":183,"column":12},"end":{"line":183,"column":20}},"118":{"start":{"line":188,"column":0},"end":{"line":188,"column":22}}},"fnMap":{"0":{"name":"(anonymous_0)","decl":{"start":{"line":14,"column":4},"end":{"line":14,"column":5}},"loc":{"start":{"line":14,"column":26},"end":{"line":36,"column":5}},"line":14},"1":{"name":"(anonymous_1)","decl":{"start":{"line":38,"column":4},"end":{"line":38,"column":5}},"loc":{"start":{"line":38,"column":17},"end":{"line":40,"column":5}},"line":38},"2":{"name":"(anonymous_2)","decl":{"start":{"line":42,"column":4},"end":{"line":42,"column":5}},"loc":{"start":{"line":42,"column":15},"end":{"line":44,"column":5}},"line":42},"3":{"name":"(anonymous_3)","decl":{"start":{"line":46,"column":4},"end":{"line":46,"column":5}},"loc":{"start":{"line":46,"column":23},"end":{"line":59,"column":5}},"line":46},"4":{"name":"(anonymous_4)","decl":{"start":{"line":61,"column":4},"end":{"line":61,"column":5}},"loc":{"start":{"line":61,"column":19},"end":{"line":82,"column":5}},"line":61},"5":{"name":"(anonymous_5)","decl":{"start":{"line":64,"column":27},"end":{"line":64,"column":28}},"loc":{"start":{"line":64,"column":48},"end":{"line":81,"column":9}},"line":64},"6":{"name":"(anonymous_6)","decl":{"start":{"line":69,"column":33},"end":{"line":69,"column":34}},"loc":{"start":{"line":69,"column":50},"end":{"line":78,"column":13}},"line":69},"7":{"name":"(anonymous_7)","decl":{"start":{"line":72,"column":30},"end":{"line":72,"column":31}},"loc":{"start":{"line":72,"column":38},"end":{"line":74,"column":17}},"line":72},"8":{"name":"(anonymous_8)","decl":{"start":{"line":78,"column":21},"end":{"line":78,"column":22}},"loc":{"start":{"line":78,"column":38},"end":{"line":80,"column":13}},"line":78},"9":{"name":"(anonymous_9)","decl":{"start":{"line":84,"column":4},"end":{"line":84,"column":5}},"loc":{"start":{"line":84,"column":20},"end":{"line":101,"column":5}},"line":84},"10":{"name":"(anonymous_10)","decl":{"start":{"line":85,"column":27},"end":{"line":85,"column":28}},"loc":{"start":{"line":85,"column":48},"end":{"line":100,"column":9}},"line":85},"11":{"name":"(anonymous_11)","decl":{"start":{"line":95,"column":29},"end":{"line":95,"column":30}},"loc":{"start":{"line":95,"column":36},"end":{"line":95,"column":46}},"line":95},"12":{"name":"(anonymous_12)","decl":{"start":{"line":95,"column":53},"end":{"line":95,"column":54}},"loc":{"start":{"line":95,"column":61},"end":{"line":98,"column":13}},"line":95},"13":{"name":"(anonymous_13)","decl":{"start":{"line":103,"column":23},"end":{"line":103,"column":24}},"loc":{"start":{"line":103,"column":35},"end":{"line":112,"column":5}},"line":103},"14":{"name":"(anonymous_14)","decl":{"start":{"line":114,"column":20},"end":{"line":114,"column":21}},"loc":{"start":{"line":114,"column":32},"end":{"line":120,"column":5}},"line":114},"15":{"name":"(anonymous_15)","decl":{"start":{"line":122,"column":4},"end":{"line":122,"column":5}},"loc":{"start":{"line":122,"column":15},"end":{"line":126,"column":5}},"line":122},"16":{"name":"(anonymous_16)","decl":{"start":{"line":128,"column":4},"end":{"line":128,"column":5}},"loc":{"start":{"line":128,"column":31},"end":{"line":140,"column":5}},"line":128},"17":{"name":"(anonymous_17)","decl":{"start":{"line":130,"column":46},"end":{"line":130,"column":47}},"loc":{"start":{"line":130,"column":53},"end":{"line":135,"column":13}},"line":130},"18":{"name":"(anonymous_18)","decl":{"start":{"line":142,"column":4},"end":{"line":142,"column":5}},"loc":{"start":{"line":142,"column":40},"end":{"line":169,"column":5}},"line":142},"19":{"name":"(anonymous_19)","decl":{"start":{"line":143,"column":30},"end":{"line":143,"column":31}},"loc":{"start":{"line":143,"column":45},"end":{"line":168,"column":9}},"line":143},"20":{"name":"(anonymous_20)","decl":{"start":{"line":151,"column":31},"end":{"line":151,"column":32}},"loc":{"start":{"line":151,"column":43},"end":{"line":158,"column":17}},"line":151},"21":{"name":"(anonymous_21)","decl":{"start":{"line":160,"column":70},"end":{"line":160,"column":71}},"loc":{"start":{"line":160,"column":79},"end":{"line":163,"column":17}},"line":160},"22":{"name":"(anonymous_22)","decl":{"start":{"line":171,"column":4},"end":{"line":171,"column":5}},"loc":{"start":{"line":171,"column":16},"end":{"line":175,"column":5}},"line":171},"23":{"name":"(anonymous_23)","decl":{"start":{"line":177,"column":4},"end":{"line":177,"column":5}},"loc":{"start":{"line":177,"column":18},"end":{"line":185,"column":5}},"line":177}},"branchMap":{"0":{"loc":{"start":{"line":15,"column":8},"end":{"line":33,"column":9}},"type":"if","locations":[{"start":{"line":15,"column":8},"end":{"line":33,"column":9}},{"start":{"line":15,"column":8},"end":{"line":33,"column":9}}],"line":15},"1":{"loc":{"start":{"line":21,"column":12},"end":{"line":26,"column":47}},"type":"if","locations":[{"start":{"line":21,"column":12},"end":{"line":26,"column":47}},{"start":{"line":21,"column":12},"end":{"line":26,"column":47}}],"line":21},"2":{"loc":{"start":{"line":23,"column":17},"end":{"line":26,"column":47}},"type":"if","locations":[{"start":{"line":23,"column":17},"end":{"line":26,"column":47}},{"start":{"line":23,"column":17},"end":{"line":26,"column":47}}],"line":23},"3":{"loc":{"start":{"line":48,"column":12},"end":{"line":51,"column":13}},"type":"if","locations":[{"start":{"line":48,"column":12},"end":{"line":51,"column":13}},{"start":{"line":48,"column":12},"end":{"line":51,"column":13}}],"line":48},"4":{"loc":{"start":{"line":52,"column":12},"end":{"line":55,"column":13}},"type":"if","locations":[{"start":{"line":52,"column":12},"end":{"line":55,"column":13}},{"start":{"line":52,"column":12},"end":{"line":55,"column":13}}],"line":52},"5":{"loc":{"start":{"line":87,"column":12},"end":{"line":92,"column":13}},"type":"if","locations":[{"start":{"line":87,"column":12},"end":{"line":92,"column":13}},{"start":{"line":87,"column":12},"end":{"line":92,"column":13}}],"line":87},"6":{"loc":{"start":{"line":87,"column":16},"end":{"line":87,"column":72}},"type":"binary-expr","locations":[{"start":{"line":87,"column":16},"end":{"line":87,"column":38}},{"start":{"line":87,"column":43},"end":{"line":87,"column":71}}],"line":87},"7":{"loc":{"start":{"line":106,"column":8},"end":{"line":109,"column":9}},"type":"if","locations":[{"start":{"line":106,"column":8},"end":{"line":109,"column":9}},{"start":{"line":106,"column":8},"end":{"line":109,"column":9}}],"line":106},"8":{"loc":{"start":{"line":144,"column":12},"end":{"line":147,"column":13}},"type":"if","locations":[{"start":{"line":144,"column":12},"end":{"line":147,"column":13}},{"start":{"line":144,"column":12},"end":{"line":147,"column":13}}],"line":144},"9":{"loc":{"start":{"line":161,"column":20},"end":{"line":161,"column":39}},"type":"if","locations":[{"start":{"line":161,"column":20},"end":{"line":161,"column":39}},{"start":{"line":161,"column":20},"end":{"line":161,"column":39}}],"line":161}},"s":{"0":1,"1":1,"2":1,"3":1,"4":1,"5":1,"6":1,"7":1,"8":1,"9":1,"10":2,"11":2,"12":2,"13":2,"14":2,"15":2,"16":2,"17":1,"18":1,"19":1,"20":0,"21":2,"22":2,"23":2,"24":2,"25":2,"26":2,"27":2,"28":2,"29":4,"30":2,"31":0,"32":0,"33":0,"34":0,"35":0,"36":0,"37":0,"38":0,"39":0,"40":0,"41":0,"42":0,"43":0,"44":0,"45":0,"46":0,"47":0,"48":0,"49":0,"50":0,"51":0,"52":0,"53":0,"54":0,"55":0,"56":0,"57":0,"58":0,"59":0,"60":0,"61":0,"62":0,"63":0,"64":0,"65":2,"66":0,"67":0,"68":0,"69":0,"70":0,"71":0,"72":0,"73":2,"74":0,"75":0,"76":0,"77":0,"78":0,"79":0,"80":0,"81":0,"82":0,"83":0,"84":0,"85":0,"86":0,"87":0,"88":0,"89":0,"90":0,"91":0,"92":0,"93":0,"94":0,"95":0,"96":0,"97":0,"98":0,"99":0,"100":0,"101":0,"102":0,"103":0,"104":0,"105":0,"106":0,"107":0,"108":0,"109":0,"110":2,"111":2,"112":2,"113":0,"114":0,"115":0,"116":0,"117":0,"118":1},"f":{"0":2,"1":4,"2":2,"3":0,"4":0,"5":0,"6":0,"7":0,"8":0,"9":0,"10":0,"11":0,"12":0,"13":0,"14":0,"15":0,"16":0,"17":0,"18":0,"19":0,"20":0,"21":0,"22":2,"23":0},"b":{"0":[2,0],"1":[1,1],"2":[1,0],"3":[0,0],"4":[0,0],"5":[0,0],"6":[0,0],"7":[0,0],"8":[0,0],"9":[0,0]},"_coverageSchema":"1a1c01bbd47fc00a2c39e90264f33305004495a9","hash":"f9cbb4124a354d0df34f500c230cd943af5cee10"}
,"E:\\2021\\mini\\src\\mini\\logger\\logger.js": {"path":"E:\\2021\\mini\\src\\mini\\logger\\logger.js","statementMap":{"0":{"start":{"line":8,"column":14},"end":{"line":8,"column":38}},"1":{"start":{"line":9,"column":14},"end":{"line":9,"column":32}},"2":{"start":{"line":11,"column":18},"end":{"line":17,"column":5}},"3":{"start":{"line":16,"column":12},"end":{"line":16,"column":62}},"4":{"start":{"line":20,"column":14},"end":{"line":27,"column":1}},"5":{"start":{"line":30,"column":13},"end":{"line":36,"column":3}},"6":{"start":{"line":39,"column":0},"end":{"line":44,"column":2}},"7":{"start":{"line":42,"column":4},"end":{"line":42,"column":25}},"8":{"start":{"line":46,"column":0},"end":{"line":46,"column":24}}},"fnMap":{"0":{"name":"(anonymous_0)","decl":{"start":{"line":16,"column":4},"end":{"line":16,"column":5}},"loc":{"start":{"line":16,"column":12},"end":{"line":16,"column":62}},"line":16},"1":{"name":"(anonymous_1)","decl":{"start":{"line":40,"column":9},"end":{"line":40,"column":10}},"loc":{"start":{"line":40,"column":37},"end":{"line":43,"column":3}},"line":40}},"branchMap":{},"s":{"0":1,"1":1,"2":1,"3":0,"4":1,"5":1,"6":1,"7":0,"8":1},"f":{"0":0,"1":0},"b":{},"_coverageSchema":"1a1c01bbd47fc00a2c39e90264f33305004495a9","hash":"fcc332833ebe5e2eafcb777c63665825b75ddeb1"}
}
